1604304133041	geckodriver	INFO	Listening on 127.0.0.1:49749
1604305682240	geckodriver	INFO	Listening on 127.0.0.1:50187
1604305683257	mozrunner::runner	INFO	Running command: "/Applications/Firefox.app/Contents/MacOS/firefox-bin" "--marionette" "-foreground" "-no-remote" "-profile" "/var/folders/3m/7z4m2z1j2yz2f_zyshk2vvqc0000gn/T/rust_mozprofilejYmnNA"
console.warn: SearchSettings: "get: No settings file exists, new profile?" (new Error("", "(unknown module)"))
1604305685578	Marionette	INFO	Listening on port 50198
1604305685653	Marionette	WARN	TLS certificate errors will be ignored for this session

###!!! [Parent][MessageChannel] Error: (msgtype=0x1D0011,name=PBackgroundStorage::Msg_Observe) Channel error: cannot send/recv

1604305807071	Marionette	INFO	Stopped listening on port 50198
1604305822161	geckodriver	INFO	Listening on 127.0.0.1:50265
1604305823167	mozrunner::runner	INFO	Running command: "/Applications/Firefox.app/Contents/MacOS/firefox-bin" "--marionette" "-foreground" "-no-remote" "-profile" "/var/folders/3m/7z4m2z1j2yz2f_zyshk2vvqc0000gn/T/rust_mozprofilejuZiD5"
console.warn: SearchSettings: "get: No settings file exists, new profile?" (new Error("", "(unknown module)"))
1604305825287	Marionette	INFO	Listening on port 50276
1604305825352	Marionette	WARN	TLS certificate errors will be ignored for this session
1604366011672	geckodriver	INFO	Listening on 127.0.0.1:50813
1604366012680	mozrunner::runner	INFO	Running command: "/Applications/Firefox.app/Contents/MacOS/firefox-bin" "--marionette" "-foreground" "-no-remote" "-profile" "/var/folders/3m/7z4m2z1j2yz2f_zyshk2vvqc0000gn/T/rust_mozprofileIwbYjA"
console.warn: SearchSettings: "get: No settings file exists, new profile?" (new Error("", "(unknown module)"))
1604366015152	Marionette	INFO	Listening on port 50825
1604366015176	Marionette	WARN	TLS certificate errors will be ignored for this session
1604366383667	geckodriver	INFO	Listening on 127.0.0.1:51039
1604366384681	mozrunner::runner	INFO	Running command: "/Applications/Firefox.app/Contents/MacOS/firefox-bin" "--marionette" "-foreground" "-no-remote" "-profile" "/var/folders/3m/7z4m2z1j2yz2f_zyshk2vvqc0000gn/T/rust_mozprofileLM6UDu"
console.warn: SearchSettings: "get: No settings file exists, new profile?" (new Error("", "(unknown module)"))
1604366387132	Marionette	INFO	Listening on port 51050
1604366387153	Marionette	WARN	TLS certificate errors will be ignored for this session
1604366441210	Marionette	INFO	Stopped listening on port 50276
1604366444050	Marionette	INFO	Stopped listening on port 50825
1604366446213	Marionette	INFO	Stopped listening on port 51050
